==1099== Memcheck, a memory error detector
==1099== Copyright (C) 2002-2017, and GNU GPL'd, by Julian Seward et al.
==1099== Using Valgrind-3.15.0 and LibVEX; rerun with -h for copyright info
==1099== Command: ./test
==1099==
        Force initial allocation on cout: 0x1234
        Force initial allocation on cerr: 0x1234
        Force initial allocation on clog: 0x1234
Tests below:
Base1::Base1()
Derived::~Derived()
Base1::~Base1()
Base1::Base1()
Derived::~Derived()
Base1::~Base1()
Base1::Base1()
Derived::~Derived()
Base1::~Base1()
Base1::Base1()
Derived::~Derived()
Base1::~Base1()
Base1::Base1()
Derived::~Derived()
Base1::~Base1()
Base1::Base1()
Derived::~Derived()
Base1::~Base1()
Base1::Base1()
Base1::Base1()
Derived::~Derived()
Base1::~Base1()
Derived::~Derived()
Base1::~Base1()
Base1::Base1()
Derived::~Derived()
Base1::~Base1()
Base1::Base1()
Derived::~Derived()
Base1::~Base1()
Base1::Base1()
Derived::~Derived()
Base1::~Base1()
Base1::Base1()
Derived::~Derived()
Base1::~Base1()
Base1::Base1()
Base1::Base1()
Derived::~Derived()
Base1::~Base1()
Derived::~Derived()
Base1::~Base1()
Base1::Base1()
Derived::~Derived()
Base1::~Base1()
Base_polymorphic::Base_polymorphic()
Base_polymorphic::~Base_polymorphic()
Base1::Base1()
Base2::Base2()
Derived_mi::~Derived_mi()
Base2::~Base2()
Base1::~Base1()
Base1::Base1()
Base2::Base2()
Derived_mi::~Derived_mi()
Base2::~Base2()
Base1::~Base1()
Base1::Base1()
Base2::Base2()
Derived_mi::~Derived_mi()
Base2::~Base2()
Base1::~Base1()
Base1_vi::Base1_vi()
Base2_vi::Base2_vi()
Derived_vi::~Derived_vi()
Base2_vi::~Base2_vi()
Base1_vi::~Base1_vi()
Base1::Base1()
Base1::Base1()
Derived::~Derived()
Base1::~Base1()
Derived::~Derived()
Base1::~Base1()
Basic tests 1 passed.
Basic tests 2 passed.
Running threaded test for 15 seconds.
 102536960: assignment_new=157190 ops, assignment=66447 ops, reset=157347 ops, new_default=110948 ops, new_copy=46234 ops, delete=157160 ops
    rates: assignment_new=10479 ops/sec, assignment=4430 ops/sec, reset=10490 ops/sec, new_default=7397 ops/sec, new_copy=3082 ops/sec, delete=10477 ops/sec
 119322368: assignment_new=6426 ops, assignment=2678 ops, reset=6504 ops, new_default=4553 ops, new_copy=1929 ops, delete=6473 ops
    rates: assignment_new=428 ops/sec, assignment=179 ops/sec, reset=434 ops/sec, new_default=304 ops/sec, new_copy=129 ops/sec, delete=432 ops/sec
 110929664: assignment_new=70080 ops, assignment=29651 ops, reset=70200 ops, new_default=49577 ops, new_copy=20548 ops, delete=70087 ops
    rates: assignment_new=4672 ops/sec, assignment=1977 ops/sec, reset=4680 ops/sec, new_default=3305 ops/sec, new_copy=1370 ops/sec, delete=4672 ops/sec
  94144256: assignment_new=71552 ops, assignment=30533 ops, reset=71689 ops, new_default=50768 ops, new_copy=21113 ops, delete=71911 ops
    rates: assignment_new=4770 ops/sec, assignment=2036 ops/sec, reset=4779 ops/sec, new_default=3385 ops/sec, new_copy=1408 ops/sec, delete=4794 ops/sec
==1099==
==1099== HEAP SUMMARY:
==1099==     in use at exit: 0 bytes in 0 blocks
==1099==   total heap usage: 916,233 allocs, 916,233 frees, 13,518,320 bytes allocated
==1099==
==1099== All heap blocks were freed -- no leaks are possible
==1099==
==1099== For lists of detected and suppressed errors, rerun with: -s
==1099== ERROR SUMMARY: 0 errors from 0 contexts (suppressed: 0 from 0)