==1758== Memcheck, a memory error detector
==1758== Copyright (C) 2002-2017, and GNU GPL'd, by Julian Seward et al.
==1758== Using Valgrind-3.13.0 and LibVEX; rerun with -h for copyright info
==1758== Command: ./morseex
==1758==
Enter messages to be translated (CTRL+D to exit)
C
-.-.
S
...
5
.....
4
....-
0
-----
==1758==
==1758== HEAP SUMMARY:
==1758==     in use at exit: 0 bytes in 0 blocks
==1758==   total heap usage: 170 allocs, 170 frees, 91,712 bytes allocated
==1758==
==1758== All heap blocks were freed -- no leaks are possible
==1758==
==1758== For counts of detected and suppressed errors, rerun with: -v
==1758== ERROR SUMMARY: 0 errors from 0 contexts (suppressed: 0 from 0)